<?xml version="1.0" encoding="UTF-8"?>
<!-- Generated by org.testng.reporters.JUnitXMLReporter -->
<testsuite hostname="GirishPC" ignored="4" name="Default test" tests="3" failures="0" timestamp="31 Aug 2018 00:30:55 GMT" time="154.824" errors="0">
  <testcase name="validLoginTest" time="10.451" classname="com.automation.test.PhpTravelsTest"/>
  <testcase name="badLoginPasswordTest" time="5.302" classname="com.automation.test.PhpTravelsTest"/>
  <testcase name="hotelSearchTest" time="83.092" classname="com.automation.test.PhpTravelsTest"/>
  <testcase name="@AfterSuite TearDown" time="0.0" classname="com.automation.base.PhpTravelsBase">
    <ignored/>
  </testcase> <!-- @AfterSuite TearDown -->
  <testcase name="@AfterSuite TearDown" time="0.0" classname="com.automation.base.PhpTravelsBase">
    <ignored/>
  </testcase> <!-- @AfterSuite TearDown -->
  <testcase name="@BeforeSuite loadProperty" time="0.0" classname="com.automation.base.PhpTravelsBase">
    <ignored/>
  </testcase> <!-- @BeforeSuite loadProperty -->
  <testcase name="@BeforeSuite loadProperty" time="0.0" classname="com.automation.base.PhpTravelsBase">
    <ignored/>
  </testcase> <!-- @BeforeSuite loadProperty -->
</testsuite> <!-- Default test -->
