<?xml version="1.0" encoding="UTF-8"?>
<!-- Generated by org.testng.reporters.JUnitXMLReporter -->
<testsuite hostname="GirishPC" ignored="0" name="Test" tests="3" failures="0" timestamp="30 Aug 2018 03:30:16 GMT" time="137.622" errors="0">
  <testcase name="valid_LoginTest" time="11.103" classname="com.automation.test.PhpTravelsTest"/>
  <testcase name="bad_LoginPasswordTest" time="4.564" classname="com.automation.test.PhpTravelsTest"/>
  <testcase name="hotel_SearchTest" time="80.971" classname="com.automation.test.PhpTravelsTest"/>
</testsuite> <!-- Test -->
