<?xml version="1.0" encoding="UTF-8"?>
<testng-results skipped="0" failed="0" ignored="2" total="3" passed="1">
  <reporter-output>
  </reporter-output>
  <suite name="Suite" duration-ms="39039" started-at="2018-08-31T01:39:51Z" finished-at="2018-08-31T01:40:30Z">
    <groups>
    </groups>
    <test name="Test" duration-ms="39039" started-at="2018-08-31T01:39:51Z" finished-at="2018-08-31T01:40:30Z">
      <class name="com.automation.test.PhpTravelsTest">
        <test-method status="PASS" signature="loadProperty()[pri:0, instance:com.automation.test.PhpTravelsTest@69b0fd6f]" name="loadProperty" is-config="true" duration-ms="595" started-at="2018-08-31T01:39:51Z" finished-at="2018-08-31T01:39:51Z">
          <reporter-output>
          </reporter-output>
        </test-method> <!-- loadProperty -->
        <test-method status="PASS" signature="openBrowser()[pri:0, instance:com.automation.test.PhpTravelsTest@69b0fd6f]" name="openBrowser" is-config="true" duration-ms="18333" started-at="2018-08-31T01:39:51Z" finished-at="2018-08-31T01:40:09Z">
          <reporter-output>
          </reporter-output>
        </test-method> <!-- openBrowser -->
        <test-method status="PASS" signature="validLoginTest()[pri:0, instance:com.automation.test.PhpTravelsTest@69b0fd6f]" name="validLoginTest" duration-ms="20689" started-at="2018-08-31T01:40:09Z" finished-at="2018-08-31T01:40:30Z">
          <reporter-output>
          </reporter-output>
        </test-method> <!-- validLoginTest -->
        <test-method status="PASS" signature="closeBrowser()[pri:0, instance:com.automation.test.PhpTravelsTest@69b0fd6f]" name="closeBrowser" is-config="true" duration-ms="0" started-at="2018-08-31T01:40:30Z" finished-at="2018-08-31T01:40:30Z">
          <reporter-output>
          </reporter-output>
        </test-method> <!-- closeBrowser -->
        <test-method status="PASS" signature="TearDown()[pri:0, instance:com.automation.test.PhpTravelsTest@69b0fd6f]" name="TearDown" is-config="true" duration-ms="306" started-at="2018-08-31T01:40:30Z" finished-at="2018-08-31T01:40:30Z">
          <reporter-output>
          </reporter-output>
        </test-method> <!-- TearDown -->
      </class> <!-- com.automation.test.PhpTravelsTest -->
    </test> <!-- Test -->
  </suite> <!-- Suite -->
</testng-results>
