<?xml version="1.0" encoding="UTF-8"?>
<!-- Generated by org.testng.reporters.JUnitXMLReporter -->
<testsuite hostname="GirishPC" ignored="2" name="Test" tests="1" failures="0" timestamp="31 Aug 2018 01:40:30 GMT" time="39.039" errors="0">
  <testcase name="validLoginTest" time="20.689" classname="com.automation.test.PhpTravelsTest"/>
  <testcase name="hotelSearchTest" time="0.0" classname="com.automation.test.PhpTravelsTest">
    <ignored/>
  </testcase> <!-- hotelSearchTest -->
  <testcase name="badLoginPasswordTest" time="0.0" classname="com.automation.test.PhpTravelsTest">
    <ignored/>
  </testcase> <!-- badLoginPasswordTest -->
</testsuite> <!-- Test -->
