<?xml version="1.0" encoding="UTF-8"?>
<!-- Generated by org.testng.reporters.JUnitXMLReporter -->
<testsuite hostname="GirishPC" ignored="6" name="Default test" tests="1" failures="0" timestamp="30 Aug 2018 16:28:02 GMT" time="22.638" errors="0">
  <testcase name="valid_LoginTest" time="9.841" classname="com.automation.test.PhpTravelsTest"/>
  <testcase name="bad_LoginPasswordTest" time="0.0" classname="com.automation.test.PhpTravelsTest">
    <ignored/>
  </testcase> <!-- bad_LoginPasswordTest -->
  <testcase name="hotel_SearchTest" time="0.0" classname="com.automation.test.PhpTravelsTest">
    <ignored/>
  </testcase> <!-- hotel_SearchTest -->
  <testcase name="@BeforeSuite load_Property" time="0.0" classname="com.automation.base.PhpTravelsBaseClass">
    <ignored/>
  </testcase> <!-- @BeforeSuite load_Property -->
  <testcase name="@BeforeSuite load_Property" time="0.0" classname="com.automation.base.PhpTravelsBaseClass">
    <ignored/>
  </testcase> <!-- @BeforeSuite load_Property -->
  <testcase name="@AfterSuite Tear_Down" time="0.0" classname="com.automation.base.PhpTravelsBaseClass">
    <ignored/>
  </testcase> <!-- @AfterSuite Tear_Down -->
  <testcase name="@AfterSuite Tear_Down" time="0.0" classname="com.automation.base.PhpTravelsBaseClass">
    <ignored/>
  </testcase> <!-- @AfterSuite Tear_Down -->
</testsuite> <!-- Default test -->
