<?xml version="1.0" encoding="UTF-8"?>
<!-- Generated by org.testng.reporters.JUnitXMLReporter -->
<testsuite hostname="GirishPC" ignored="0" name="Test" tests="3" failures="0" timestamp="31 Aug 2018 00:50:39 GMT" time="124.482" errors="0">
  <testcase name="validLoginTest" time="8.627" classname="com.automation.test.PhpTravelsTest"/>
  <testcase name="badLoginPasswordTest" time="4.127" classname="com.automation.test.PhpTravelsTest"/>
  <testcase name="hotelSearchTest" time="73.255" classname="com.automation.test.PhpTravelsTest"/>
</testsuite> <!-- Test -->
