<?xml version="1.0" encoding="UTF-8"?>
<!-- Generated by org.testng.reporters.JUnitXMLReporter -->
<testsuite hostname="GirishPC" ignored="0" name="Test" tests="3" failures="0" timestamp="30 Aug 2018 16:39:32 GMT" time="141.17" errors="0">
  <testcase name="valid_LoginTest" time="12.06" classname="com.automation.test.PhpTravelsTest"/>
  <testcase name="bad_LoginPasswordTest" time="6.918" classname="com.automation.test.PhpTravelsTest"/>
  <testcase name="hotel_SearchTest" time="83.053" classname="com.automation.test.PhpTravelsTest"/>
</testsuite> <!-- Test -->
