<?xml version="1.0" encoding="UTF-8"?>
<testsuite xmlns:xsi="http://www.w3.org/2001/XMLSchema-instance" xsi:noNamespaceSchemaLocation="https://maven.apache.org/surefire/maven-surefire-plugin/xsd/surefire-test-report.xsd" name="TestSuite" time="143.1" tests="3" errors="0" skipped="0" failures="0">
  <properties>
[...]
</properties>
  <testcase name="valid_LoginTest" classname="com.automation.test.PhpTravelsTest" time="12.059"/>
  <testcase name="bad_LoginPasswordTest" classname="com.automation.test.PhpTravelsTest" time="6.927"/>
  <testcase name="hotel_SearchTest" classname="com.automation.test.PhpTravelsTest" time="83.051"/>
</testsuite>