<?xml version="1.0" encoding="UTF-8"?>
<testng-results skipped="0" failed="0" ignored="0" total="3" passed="3">
  <reporter-output>
  </reporter-output>
  <suite name="Suite" duration-ms="124482" started-at="2018-08-31T00:48:34Z" finished-at="2018-08-31T00:50:38Z">
    <groups>
    </groups>
    <test name="Test" duration-ms="124482" started-at="2018-08-31T00:48:34Z" finished-at="2018-08-31T00:50:38Z">
      <class name="com.automation.test.PhpTravelsTest">
        <test-method status="PASS" signature="loadProperty()[pri:0, instance:com.automation.test.PhpTravelsTest@48503868]" name="loadProperty" is-config="true" duration-ms="732" started-at="2018-08-31T00:48:33Z" finished-at="2018-08-31T00:48:34Z">
          <reporter-output>
          </reporter-output>
        </test-method> <!-- loadProperty -->
        <test-method status="PASS" signature="openBrowser()[pri:0, instance:com.automation.test.PhpTravelsTest@48503868]" name="openBrowser" is-config="true" duration-ms="11275" started-at="2018-08-31T00:48:34Z" finished-at="2018-08-31T00:48:45Z">
          <reporter-output>
          </reporter-output>
        </test-method> <!-- openBrowser -->
        <test-method status="PASS" signature="validLoginTest()[pri:0, instance:com.automation.test.PhpTravelsTest@48503868]" name="validLoginTest" duration-ms="8627" started-at="2018-08-31T00:48:45Z" finished-at="2018-08-31T00:48:54Z">
          <reporter-output>
          </reporter-output>
        </test-method> <!-- validLoginTest -->
        <test-method status="PASS" signature="closeBrowser()[pri:0, instance:com.automation.test.PhpTravelsTest@48503868]" name="closeBrowser" is-config="true" duration-ms="2037" started-at="2018-08-31T00:48:54Z" finished-at="2018-08-31T00:48:56Z">
          <reporter-output>
          </reporter-output>
        </test-method> <!-- closeBrowser -->
        <test-method status="PASS" signature="openBrowser()[pri:0, instance:com.automation.test.PhpTravelsTest@48503868]" name="openBrowser" is-config="true" duration-ms="10199" started-at="2018-08-31T00:48:56Z" finished-at="2018-08-31T00:49:06Z">
          <reporter-output>
          </reporter-output>
        </test-method> <!-- openBrowser -->
        <test-method status="PASS" signature="badLoginPasswordTest()[pri:1, instance:com.automation.test.PhpTravelsTest@48503868]" name="badLoginPasswordTest" duration-ms="4127" started-at="2018-08-31T00:49:06Z" finished-at="2018-08-31T00:49:10Z">
          <reporter-output>
          </reporter-output>
        </test-method> <!-- badLoginPasswordTest -->
        <test-method status="PASS" signature="closeBrowser()[pri:0, instance:com.automation.test.PhpTravelsTest@48503868]" name="closeBrowser" is-config="true" duration-ms="2073" started-at="2018-08-31T00:49:10Z" finished-at="2018-08-31T00:49:12Z">
          <reporter-output>
          </reporter-output>
        </test-method> <!-- closeBrowser -->
        <test-method status="PASS" signature="openBrowser()[pri:0, instance:com.automation.test.PhpTravelsTest@48503868]" name="openBrowser" is-config="true" duration-ms="11527" started-at="2018-08-31T00:49:12Z" finished-at="2018-08-31T00:49:24Z">
          <reporter-output>
          </reporter-output>
        </test-method> <!-- openBrowser -->
        <test-method status="PASS" signature="hotelSearchTest()[pri:2, instance:com.automation.test.PhpTravelsTest@48503868]" name="hotelSearchTest" duration-ms="73255" started-at="2018-08-31T00:49:24Z" finished-at="2018-08-31T00:50:37Z">
          <reporter-output>
          </reporter-output>
        </test-method> <!-- hotelSearchTest -->
        <test-method status="PASS" signature="closeBrowser()[pri:0, instance:com.automation.test.PhpTravelsTest@48503868]" name="closeBrowser" is-config="true" duration-ms="1349" started-at="2018-08-31T00:50:37Z" finished-at="2018-08-31T00:50:38Z">
          <reporter-output>
          </reporter-output>
        </test-method> <!-- closeBrowser -->
        <test-method status="PASS" signature="TearDown()[pri:0, instance:com.automation.test.PhpTravelsTest@48503868]" name="TearDown" is-config="true" duration-ms="361" started-at="2018-08-31T00:50:39Z" finished-at="2018-08-31T00:50:39Z">
          <reporter-output>
          </reporter-output>
        </test-method> <!-- TearDown -->
      </class> <!-- com.automation.test.PhpTravelsTest -->
    </test> <!-- Test -->
  </suite> <!-- Suite -->
</testng-results>
